[2020-01-03T20:10:14.218] [DEBUG] cheese - login => username:admin,password:123456
[2020-01-03T20:10:14.222] [DEBUG] cheese - admin
[2020-01-03T20:10:14.245] [DEBUG] cheese - { inspect: [Function: inspect] }
[2020-01-03T20:10:14.248] [DEBUG] cheese - 查询失败
[2020-01-03T20:10:25.166] [DEBUG] cheese - login => username:lp,password:123456
[2020-01-03T20:10:25.166] [DEBUG] cheese - lp
[2020-01-03T20:10:25.171] [DEBUG] cheese - { inspect: [Function: inspect] }
[2020-01-03T20:10:25.172] [DEBUG] cheese - 查询失败
[2020-01-03T20:10:59.240] [DEBUG] cheese - login => username:admin,password:123456
[2020-01-03T20:10:59.240] [DEBUG] cheese - admin
[2020-01-03T20:10:59.248] [DEBUG] cheese - { inspect: [Function: inspect] }
[2020-01-03T20:10:59.249] [DEBUG] cheese - 查询失败
[2020-01-03T20:12:24.054] [DEBUG] cheese - login => username:admin,password:123456
[2020-01-03T20:12:24.054] [DEBUG] cheese - admin
[2020-01-03T20:12:24.062] [DEBUG] cheese - null
[2020-01-03T20:12:24.062] [DEBUG] cheese - null
[2020-01-03T20:14:32.434] [DEBUG] cheese - login => username:lp,password:111223
[2020-01-03T20:14:32.434] [DEBUG] cheese - lp
[2020-01-03T20:14:32.447] [DEBUG] cheese - null
[2020-01-03T20:14:32.447] [DEBUG] cheese - null
[2020-01-03T20:14:47.183] [DEBUG] cheese - login => username:admin,password:123456
[2020-01-03T20:14:47.183] [DEBUG] cheese - admin
[2020-01-03T20:14:47.186] [DEBUG] cheese - null
[2020-01-03T20:14:47.186] [DEBUG] cheese - null
[2020-01-03T20:16:34.444] [DEBUG] cheese - login => username:admin,password:123456
[2020-01-03T20:16:34.444] [DEBUG] cheese - admin
[2020-01-03T20:16:34.451] [DEBUG] cheese - null
[2020-01-03T20:16:34.451] [DEBUG] cheese - null
[2020-01-03T20:17:22.004] [DEBUG] cheese - login => username:admin,password:123456
[2020-01-03T20:17:22.004] [DEBUG] cheese - admin
[2020-01-03T20:17:22.009] [DEBUG] cheese - null
[2020-01-03T20:17:22.009] [DEBUG] cheese - null
[2020-01-03T21:44:59.087] [DEBUG] cheese - login => username:admin,password:123456
[2020-01-03T21:44:59.088] [DEBUG] cheese - admin
[2020-01-03T21:44:59.103] [DEBUG] cheese - null
[2020-01-03T21:44:59.103] [DEBUG] cheese - null
[2020-01-04T11:13:25.134] [DEBUG] cheese - null
[2020-01-04T11:14:23.568] [DEBUG] cheese - null
[2020-01-04T21:36:07.566] [DEBUG] cheese - login => username:admin,password:123456
[2020-01-04T21:36:07.570] [DEBUG] cheese - admin
[2020-01-04T21:36:07.592] [DEBUG] cheese - null
[2020-01-04T21:36:07.593] [DEBUG] cheese - null
[2020-01-04T21:46:00.216] [DEBUG] cheese - login => username:admin,password:123456
[2020-01-04T21:46:00.219] [DEBUG] cheese - admin
[2020-01-04T21:46:00.251] [DEBUG] cheese - null
[2020-01-04T21:46:00.251] [DEBUG] cheese - null
[2020-01-04T21:46:17.180] [DEBUG] cheese - login => username:lp,password:111223
[2020-01-04T21:46:17.180] [DEBUG] cheese - lp
[2020-01-04T21:46:17.191] [DEBUG] cheese - null
[2020-01-04T21:46:17.191] [DEBUG] cheese - null
[2020-01-04T21:56:40.374] [DEBUG] cheese - login => username:lp,password:111223
[2020-01-04T21:56:40.375] [DEBUG] cheese - lp
[2020-01-04T21:56:40.398] [DEBUG] cheese - null
[2020-01-04T21:56:40.399] [DEBUG] cheese - null
[2020-01-04T21:57:01.902] [DEBUG] cheese - login => username:admin,password:123456
[2020-01-04T21:57:01.903] [DEBUG] cheese - admin
[2020-01-04T21:57:01.915] [DEBUG] cheese - null
[2020-01-04T21:57:01.916] [DEBUG] cheese - null
[2020-01-04T21:57:25.719] [DEBUG] cheese - login => username:lp,password:111223
[2020-01-04T21:57:25.719] [DEBUG] cheese - lp
[2020-01-04T21:57:25.726] [DEBUG] cheese - null
[2020-01-04T21:57:25.726] [DEBUG] cheese - null
[2020-01-04T21:57:49.524] [DEBUG] cheese - login => username:lp,password:111223
[2020-01-04T21:57:49.524] [DEBUG] cheese - lp
[2020-01-04T21:57:49.531] [DEBUG] cheese - null
[2020-01-04T21:57:49.531] [DEBUG] cheese - null
[2020-01-04T21:58:12.140] [DEBUG] cheese - login => username:lp,password:111223
[2020-01-04T21:58:12.140] [DEBUG] cheese - lp
[2020-01-04T21:58:12.145] [DEBUG] cheese - null
[2020-01-04T21:58:12.145] [DEBUG] cheese - null
[2020-01-04T21:58:17.912] [DEBUG] cheese - login => username:admin,password:123456
[2020-01-04T21:58:17.912] [DEBUG] cheese - admin
[2020-01-04T21:58:17.921] [DEBUG] cheese - null
[2020-01-04T21:58:17.921] [DEBUG] cheese - null
[2020-01-04T21:59:50.457] [DEBUG] cheese - login => username:admin,password:123456
[2020-01-04T21:59:50.458] [DEBUG] cheese - admin
[2020-01-04T21:59:50.468] [DEBUG] cheese - null
[2020-01-04T21:59:50.468] [DEBUG] cheese - null
[2020-01-04T22:00:35.892] [DEBUG] cheese - login => username:admin,password:123456
[2020-01-04T22:00:35.892] [DEBUG] cheese - admin
[2020-01-04T22:00:35.896] [DEBUG] cheese - null
[2020-01-04T22:00:35.896] [DEBUG] cheese - null
[2020-01-06T09:02:32.734] [DEBUG] cheese - login => username:lp,password:111223
[2020-01-06T09:02:32.735] [DEBUG] cheese - lp
[2020-01-06T09:02:32.746] [DEBUG] cheese - null
[2020-01-06T09:02:32.747] [DEBUG] cheese - null
[2020-01-06T09:02:40.414] [DEBUG] cheese - login => username:admin,password:123456
[2020-01-06T09:02:40.414] [DEBUG] cheese - admin
[2020-01-06T09:02:40.419] [DEBUG] cheese - null
[2020-01-06T09:02:40.419] [DEBUG] cheese - null
[2020-01-06T09:03:23.177] [DEBUG] cheese - login => username:xiaoai,password:111223
[2020-01-06T09:03:23.178] [DEBUG] cheese - xiaoai
[2020-01-06T09:03:23.184] [DEBUG] cheese - null
[2020-01-06T09:03:23.185] [DEBUG] cheese - null
[2020-01-06T09:03:29.123] [DEBUG] cheese - login => username:xiaoai,password:123456
[2020-01-06T09:03:29.123] [DEBUG] cheese - xiaoai
[2020-01-06T09:03:29.128] [DEBUG] cheese - null
[2020-01-06T09:03:29.128] [DEBUG] cheese - null
[2020-01-06T09:03:36.880] [DEBUG] cheese - login => username:lp,password:111223
[2020-01-06T09:03:36.880] [DEBUG] cheese - lp
[2020-01-06T09:03:36.884] [DEBUG] cheese - null
[2020-01-06T09:03:36.884] [DEBUG] cheese - null
[2020-01-06T09:03:44.798] [DEBUG] cheese - login => username:test,password:123456
[2020-01-06T09:03:44.799] [DEBUG] cheese - test
[2020-01-06T09:03:44.805] [DEBUG] cheese - null
[2020-01-06T09:03:44.805] [DEBUG] cheese - null
[2020-01-06T09:03:58.787] [DEBUG] cheese - login => username:xiaoai,password:123456
[2020-01-06T09:03:58.787] [DEBUG] cheese - xiaoai
[2020-01-06T09:03:58.789] [DEBUG] cheese - null
[2020-01-06T09:03:58.789] [DEBUG] cheese - null
[2020-01-06T09:04:12.233] [DEBUG] cheese - login => username:admin,password:123456
[2020-01-06T09:04:12.233] [DEBUG] cheese - admin
[2020-01-06T09:04:12.238] [DEBUG] cheese - null
[2020-01-06T09:04:12.239] [DEBUG] cheese - null
[2020-01-06T09:05:35.696] [DEBUG] cheese - login => username:lp,password:111223
[2020-01-06T09:05:35.696] [DEBUG] cheese - lp
[2020-01-06T09:05:35.702] [DEBUG] cheese - null
[2020-01-06T09:05:35.702] [DEBUG] cheese - null
[2020-01-06T09:05:49.581] [DEBUG] cheese - login => username:admin,password:123456
[2020-01-06T09:05:49.581] [DEBUG] cheese - admin
[2020-01-06T09:05:49.584] [DEBUG] cheese - null
[2020-01-06T09:05:49.584] [DEBUG] cheese - null
[2020-01-06T10:38:52.227] [DEBUG] cheese - null
[2020-01-06T10:39:06.250] [DEBUG] cheese - null
[2020-01-06T10:39:49.897] [DEBUG] cheese - null
[2020-01-06T16:20:24.024] [DEBUG] cheese - null
[2020-01-06T16:21:29.478] [DEBUG] cheese - null
[2020-01-06T16:24:02.717] [DEBUG] cheese - null
[2020-01-06T16:25:29.151] [DEBUG] cheese - null
[2020-01-06T16:28:14.016] [DEBUG] cheese - null
[2020-01-06T16:33:44.248] [DEBUG] cheese - null
[2020-01-06T16:34:35.575] [DEBUG] cheese - null
[2020-01-06T16:36:18.060] [DEBUG] cheese - null
[2020-01-06T16:37:10.375] [DEBUG] cheese - null
[2020-01-06T18:10:16.929] [DEBUG] cheese - login => username:lp,password:111223
[2020-01-06T18:10:16.929] [DEBUG] cheese - lp
[2020-01-06T18:10:16.932] [DEBUG] cheese - null
[2020-01-06T18:10:16.932] [DEBUG] cheese - null
[2020-01-06T18:10:34.619] [DEBUG] cheese - login => username:admin,password:123456
[2020-01-06T18:10:34.619] [DEBUG] cheese - admin
[2020-01-06T18:10:34.621] [DEBUG] cheese - null
[2020-01-06T18:10:34.622] [DEBUG] cheese - null
[2020-01-07T08:52:52.284] [DEBUG] cheese - null
[2020-01-07T08:53:03.328] [DEBUG] cheese - null
[2020-01-07T08:54:30.912] [DEBUG] cheese - null
[2020-01-07T10:43:57.287] [DEBUG] cheese - null
[2020-01-07T10:51:22.911] [DEBUG] cheese - login => username:admin,password:123456
[2020-01-07T10:51:22.912] [DEBUG] cheese - admin
[2020-01-07T10:51:22.915] [DEBUG] cheese - null
[2020-01-07T10:51:22.916] [DEBUG] cheese - null
[2020-07-15T21:50:05.265] [DEBUG] cheese - login => username:admin,password:123456
[2020-07-15T21:50:05.270] [DEBUG] cheese - admin
[2020-07-15T21:50:05.414] [DEBUG] cheese - null
[2020-07-15T21:50:05.415] [DEBUG] cheese - null
[2020-07-15T21:50:34.539] [DEBUG] cheese - login => username:admin,password:123456
[2020-07-15T21:50:34.539] [DEBUG] cheese - admin
[2020-07-15T21:50:34.659] [DEBUG] cheese - null
[2020-07-15T21:50:34.660] [DEBUG] cheese - null
[2020-07-15T21:50:47.532] [DEBUG] cheese - login => username:admin,password:123456
[2020-07-15T21:50:47.532] [DEBUG] cheese - admin
[2020-07-15T21:50:47.661] [DEBUG] cheese - null
[2020-07-15T21:50:47.661] [DEBUG] cheese - null
[2020-08-01T11:41:21.064] [DEBUG] cheese - login => username:admin,password:123456
[2020-08-01T11:41:21.067] [DEBUG] cheese - admin
[2020-08-01T11:41:21.277] [DEBUG] cheese - null
[2020-08-01T11:41:21.278] [DEBUG] cheese - null
[2020-08-01T11:42:17.230] [DEBUG] cheese - login => username:admin,password:123456
[2020-08-01T11:42:17.230] [DEBUG] cheese - admin
[2020-08-01T11:42:17.237] [DEBUG] cheese - null
[2020-08-01T11:42:17.238] [DEBUG] cheese - null
[2020-08-01T11:42:20.694] [DEBUG] cheese - login => username:admin,password:123456
[2020-08-01T11:42:20.694] [DEBUG] cheese - admin
[2020-08-01T11:42:20.702] [DEBUG] cheese - null
[2020-08-01T11:42:20.702] [DEBUG] cheese - null
[2020-08-01T11:42:21.704] [DEBUG] cheese - login => username:admin,password:123456
[2020-08-01T11:42:21.704] [DEBUG] cheese - admin
[2020-08-01T11:42:21.708] [DEBUG] cheese - null
[2020-08-01T11:42:21.708] [DEBUG] cheese - null
[2020-08-02T13:12:47.227] [DEBUG] cheese - login => username:admin,password:123456
[2020-08-02T13:12:47.229] [DEBUG] cheese - admin
[2020-08-02T13:12:47.258] [DEBUG] cheese - null
[2020-08-02T13:12:47.258] [DEBUG] cheese - null
[2021-08-06T10:41:31.440] [DEBUG] cheese - login => username:admin,password:123456
[2021-08-06T10:41:31.450] [DEBUG] cheese - admin
[2021-08-06T10:41:31.575] [DEBUG] cheese - null
[2021-08-06T10:41:31.575] [DEBUG] cheese - null
[2021-08-06T10:48:09.336] [DEBUG] cheese - login => username:admin,password:123456
[2021-08-06T10:48:09.336] [DEBUG] cheese - admin
[2021-08-06T10:48:09.347] [DEBUG] cheese - null
[2021-08-06T10:48:09.347] [DEBUG] cheese - null
[2021-08-06T10:49:23.563] [DEBUG] cheese - login => username:admin,password:123456
[2021-08-06T10:49:23.564] [DEBUG] cheese - admin
[2021-08-06T10:49:23.569] [DEBUG] cheese - null
[2021-08-06T10:49:23.570] [DEBUG] cheese - null
[2021-08-06T10:49:57.343] [DEBUG] cheese - login => username:admin,password:123456
[2021-08-06T10:49:57.343] [DEBUG] cheese - admin
[2021-08-06T10:49:57.345] [DEBUG] cheese - null
[2021-08-06T10:49:57.345] [DEBUG] cheese - null
[2021-08-06T14:35:25.123] [DEBUG] cheese - login => username:admin,password:123456
[2021-08-06T14:35:25.125] [DEBUG] cheese - admin
[2021-08-06T14:35:25.181] [DEBUG] cheese - null
[2021-08-06T14:35:25.181] [DEBUG] cheese - null
[2021-08-06T14:46:26.534] [DEBUG] cheese - login => username:admin,password:123456
[2021-08-06T14:46:26.535] [DEBUG] cheese - admin
[2021-08-06T14:46:26.546] [DEBUG] cheese - null
[2021-08-06T14:46:26.546] [DEBUG] cheese - null
[2021-08-06T15:46:00.555] [DEBUG] cheese - login => username:admin,password:123456
[2021-08-06T15:46:00.558] [DEBUG] cheese - admin
[2021-08-06T15:46:00.593] [DEBUG] cheese - null
[2021-08-06T15:46:00.593] [DEBUG] cheese - null
[2021-08-06T15:47:21.413] [DEBUG] cheese - login => username:admin,password:123456
[2021-08-06T15:47:21.413] [DEBUG] cheese - admin
[2021-08-06T15:47:21.417] [DEBUG] cheese - null
[2021-08-06T15:47:21.417] [DEBUG] cheese - null
[2021-08-06T15:53:57.681] [DEBUG] cheese - login => username:admin,password:123456
[2021-08-06T15:53:57.682] [DEBUG] cheese - admin
[2021-08-06T15:53:57.692] [DEBUG] cheese - null
[2021-08-06T15:53:57.692] [DEBUG] cheese - null
[2021-08-06T15:55:07.355] [DEBUG] cheese - login => username:admin,password:123456
[2021-08-06T15:55:07.355] [DEBUG] cheese - admin
[2021-08-06T15:55:07.358] [DEBUG] cheese - null
[2021-08-06T15:55:07.358] [DEBUG] cheese - null
[2021-08-09T08:40:50.159] [DEBUG] cheese - login => username:admin,password:123456
[2021-08-09T08:40:50.160] [DEBUG] cheese - admin
[2021-08-09T08:40:50.176] [DEBUG] cheese - null
[2021-08-09T08:40:50.176] [DEBUG] cheese - null
[2021-08-09T22:09:52.069] [DEBUG] cheese - login => username:admin,password:123456
[2021-08-09T22:09:52.074] [DEBUG] cheese - admin
[2021-08-09T22:09:52.126] [DEBUG] cheese - null
[2021-08-09T22:09:52.129] [DEBUG] cheese - null
[2021-08-10T09:29:12.763] [DEBUG] cheese - login => username:admin,password:123456
[2021-08-10T09:29:12.764] [DEBUG] cheese - admin
[2021-08-10T09:29:12.773] [DEBUG] cheese - null
[2021-08-10T09:29:12.773] [DEBUG] cheese - null
[2021-08-11T10:33:14.363] [DEBUG] cheese - login => username:admin,password:123456
[2021-08-11T10:33:14.366] [DEBUG] cheese - admin
[2021-08-11T10:33:14.387] [DEBUG] cheese - null
[2021-08-11T10:33:14.388] [DEBUG] cheese - null
[2021-08-11T11:51:17.481] [DEBUG] cheese - login => username:admin,password:123456
[2021-08-11T11:51:17.484] [DEBUG] cheese - admin
[2021-08-11T11:51:17.489] [DEBUG] cheese - null
[2021-08-11T11:51:17.489] [DEBUG] cheese - null
[2021-08-11T11:52:34.843] [DEBUG] cheese - login => username:admin,password:123456
[2021-08-11T11:52:34.843] [DEBUG] cheese - admin
[2021-08-11T11:52:34.846] [DEBUG] cheese - null
[2021-08-11T11:52:34.847] [DEBUG] cheese - null
[2021-08-11T11:53:27.388] [DEBUG] cheese - login => username:admin,password:123456
[2021-08-11T11:53:27.388] [DEBUG] cheese - admin
[2021-08-11T11:53:27.419] [DEBUG] cheese - null
[2021-08-11T11:53:27.419] [DEBUG] cheese - null
[2021-08-11T13:43:06.398] [DEBUG] cheese - login => username:admin,password:123456
[2021-08-11T13:43:06.398] [DEBUG] cheese - admin
[2021-08-11T13:43:06.401] [DEBUG] cheese - null
[2021-08-11T13:43:06.401] [DEBUG] cheese - null
[2021-08-12T13:58:27.605] [DEBUG] cheese - login => username:admin,password:123456
[2021-08-12T13:58:27.612] [DEBUG] cheese - admin
[2021-08-12T13:58:27.636] [DEBUG] cheese - null
[2021-08-12T13:58:27.637] [DEBUG] cheese - null
[2021-08-12T15:32:18.917] [DEBUG] cheese - login => username:admin,password:123456
[2021-08-12T15:32:18.921] [DEBUG] cheese - admin
[2021-08-12T15:32:18.925] [DEBUG] cheese - null
[2021-08-12T15:32:18.926] [DEBUG] cheese - null
[2021-08-12T17:12:09.720] [DEBUG] cheese - login => username:admin,password:123456
[2021-08-12T17:12:09.728] [DEBUG] cheese - admin
[2021-08-12T17:12:09.742] [DEBUG] cheese - null
[2021-08-12T17:12:09.744] [DEBUG] cheese - null
[2021-08-13T08:58:08.981] [DEBUG] cheese - login => username:admin,password:123456
[2021-08-13T08:58:08.984] [DEBUG] cheese - admin
[2021-08-13T08:58:09.002] [DEBUG] cheese - null
[2021-08-13T08:58:09.003] [DEBUG] cheese - null
[2021-08-13T09:02:28.410] [DEBUG] cheese - login => username:admin,password:123456
[2021-08-13T09:02:28.410] [DEBUG] cheese - admin
[2021-08-13T09:02:28.458] [DEBUG] cheese - null
[2021-08-13T09:02:28.458] [DEBUG] cheese - null
[2021-08-13T09:32:58.380] [DEBUG] cheese - login => username:admin,password:123456
[2021-08-13T09:32:58.380] [DEBUG] cheese - admin
[2021-08-13T09:32:58.397] [DEBUG] cheese - null
[2021-08-13T09:32:58.397] [DEBUG] cheese - null
[2021-08-13T14:52:19.398] [DEBUG] cheese - login => username:admin,password:123456
[2021-08-13T14:52:19.399] [DEBUG] cheese - admin
[2021-08-13T14:52:19.410] [DEBUG] cheese - null
[2021-08-13T14:52:19.410] [DEBUG] cheese - null
[2021-08-13T23:26:25.969] [DEBUG] cheese - login => username:admin,password:123456
[2021-08-13T23:26:25.976] [DEBUG] cheese - admin
[2021-08-13T23:26:25.990] [DEBUG] cheese - null
[2021-08-13T23:26:25.992] [DEBUG] cheese - null
[2021-08-15T20:17:09.314] [DEBUG] cheese - login => username:admin,password:123456
[2021-08-15T20:17:09.316] [DEBUG] cheese - admin
[2021-08-15T20:17:09.345] [DEBUG] cheese - null
[2021-08-15T20:17:09.346] [DEBUG] cheese - null
[2021-08-15T20:37:52.677] [DEBUG] cheese - login => username:admin,password:123456
[2021-08-15T20:37:52.679] [DEBUG] cheese - admin
[2021-08-15T20:37:52.688] [DEBUG] cheese - null
[2021-08-15T20:37:52.688] [DEBUG] cheese - null
[2021-08-15T20:38:23.954] [DEBUG] cheese - null
[2021-08-15T21:00:51.256] [DEBUG] cheese - null
[2021-08-15T21:00:53.548] [DEBUG] cheese - null
[2021-08-15T21:00:59.414] [DEBUG] cheese - null
[2021-08-15T21:01:12.111] [DEBUG] cheese - null
[2021-08-15T21:03:40.065] [DEBUG] cheese - null
[2021-08-15T21:03:43.835] [DEBUG] cheese - null
[2021-08-16T08:52:28.655] [DEBUG] cheese - login => username:admin,password:123456
[2021-08-16T08:52:28.657] [DEBUG] cheese - admin
[2021-08-16T08:52:28.660] [DEBUG] cheese - null
[2021-08-16T08:52:28.660] [DEBUG] cheese - null
